Sat May 30 11:46:01 PDT 2015
 result 
0
Sat May 30 11:51:16 PDT 2015
graph-fiber update complete, now running perf and collecting results.
2015-5-30
6e8f9a199323bc2b02a61c733fd153fc3ee68e98

1
 is the result 
Sat May 30 11:57:32 PDT 2015
Sat May 30 11:58:12 PDT 2015
graph-fiber update complete, now running perf and collecting results.
2015-5-30
6e8f9a199323bc2b02a61c733fd153fc3ee68e98

1
 is the result 
Sat May 30 12:05:01 PDT 2015
graph-fiber update complete, now running perf and collecting results.
2015-5-30
6e8f9a199323bc2b02a61c733fd153fc3ee68e98

1
 is the result 
Sat May 30 12:07:45 PDT 2015
Sat May 30 12:09:01 PDT 2015
graph-fiber update complete, now running perf and collecting results.
2015-5-30
6e8f9a199323bc2b02a61c733fd153fc3ee68e98

1
 is the result 
Sat May 30 12:59:02 PDT 2015
graph-fiber update complete, now running perf and collecting results.
2015-5-30
6e8f9a199323bc2b02a61c733fd153fc3ee68e98

1
 is the result 
